2025-11-20T16:55:57.118464838Z             |                                                                  ^
2025-11-20T16:55:57.118466568Z       pandas/_libs/src/klib/khash_python.h:127:74: note: in definition of macro â€˜kh_floats_hash_equalâ€™
2025-11-20T16:55:57.118468319Z         127 | #define kh_floats_hash_equal(a, b) ((a) == (b) || ((b) != (b) && (a) != (a)))
2025-11-20T16:55:57.118470048Z             |                                                                          ^
2025-11-20T16:55:57.118471739Z       pandas/_libs/src/klib/khash.h:393:99: note: in expansion of macro â€˜kh_complex_hash_equalâ€™
2025-11-20T16:55:57.118473439Z         393 |                                 while (!__ac_isempty(h->flags, i) && (__ac_isdel(h->flags, i) || !__hash_equal(h->keys[i], key))) { \
2025-11-20T16:55:57.118475129Z             |                                                                                                   ^~~~~~~~~~~~
2025-11-20T16:55:57.118476849Z       pandas/_libs/src/klib/khash.h:426:9: note: in expansion of macro â€˜KHASH_INIT2â€™
2025-11-20T16:55:57.118478499Z         426 |         KHASH_INIT2(name, PANDAS_INLINE, khkey_t, khval_t, kh_is_map, __hash_func, __hash_equal)
2025-11-20T16:55:57.118480139Z             |         ^~~~~~~~~~~
2025-11-20T16:55:57.118481789Z       pandas/_libs/src/klib/khash_python.h:157:9: note: in expansion of macro â€˜KHASH_INITâ€™
2025-11-20T16:55:57.118483439Z         157 |         KHASH_INIT(name, khcomplex128_t, khval_t, 1, kh_complex128_hash_func, kh_complex_hash_equal)
2025-11-20T16:55:57.118485139Z             |         ^~~~~~~~~~
2025-11-20T16:55:57.118486799Z       pandas/_libs/src/klib/khash_python.h:159:1: note: in expansion of macro â€˜KHASH_MAP_INIT_COMPLEX128â€™
2025-11-20T16:55:57.118488459Z         159 | KHASH_MAP_INIT_COMPLEX128(complex128, size_t)
2025-11-20T16:55:57.1184901Z             | ^~~~~~~~~~~~~~~~~~~~~~~~~
2025-11-20T16:55:57.1184918Z       pandas/_libs/algos.c: At top level:
2025-11-20T16:55:57.11849345Z       pandas/_libs/algos.c:885:1: warning: â€˜Py_UNICODEâ€™ is deprecated [-Wdeprecated-declarations]
2025-11-20T16:55:57.11849898Z         885 | static CYTHON_INLINE size_t __Pyx_Py_UNICODE_strlen(const Py_UNICODE *u) {
2025-11-20T16:55:57.11850084Z             | ^~~~~~
2025-11-20T16:55:57.11850254Z       pandas/_libs/algos.c: In function â€˜__Pyx_Py_UNICODE_strlenâ€™:
2025-11-20T16:55:57.11850416Z       pandas/_libs/algos.c:886:5: warning: â€˜Py_UNICODEâ€™ is deprecated [-Wdeprecated-declarations]
2025-11-20T16:55:57.11850579Z         886 |     const Py_UNICODE *u_end = u;
2025-11-20T16:55:57.11850744Z             |     ^~~~~
2025-11-20T16:55:57.11850944Z       pandas/_libs/algos.c: In function â€˜__Pyx_init_assertions_enabledâ€™:
2025-11-20T16:55:57.11851453Z       pandas/_libs/algos.c:3307:39: warning: implicit declaration of function â€˜_PyInterpreterState_GetConfigâ€™; did you mean â€˜PyInterpreterState_GetIDâ€™? [-Wimplicit-function-declaration]
2025-11-20T16:55:57.118521711Z        3307 |     __pyx_assertions_enabled_flag = ! _PyInterpreterState_GetConfig(__Pyx_PyThreadState_Current->interp)->optimization_level;
2025-11-20T16:55:57.118524651Z             |                                       ^~~~~~~~~~~~~~~~~~~~~~~~~~~~~
2025-11-20T16:55:57.118527361Z             |                                       PyInterpreterState_GetID
2025-11-20T16:55:57.118530381Z       pandas/_libs/algos.c:3307:105: error: invalid type argument of â€˜->â€™ (have â€˜intâ€™)
2025-11-20T16:55:57.118533121Z        3307 |     __pyx_assertions_enabled_flag = ! _PyInterpreterState_GetConfig(__Pyx_PyThreadState_Current->interp)->optimization_level;
2025-11-20T16:55:57.118535951Z             |                                                                                                         ^~
2025-11-20T16:55:57.118538372Z       pandas/_libs/algos.c: In function â€˜__Pyx_PyList_Extendâ€™:
2025-11-20T16:55:57.118541552Z       pandas/_libs/algos.c:3538:22: warning: implicit declaration of function â€˜_PyList_Extendâ€™; did you mean â€˜PyList_Extendâ€™? [-Wimplicit-function-declaration]
2025-11-20T16:55:57.118544242Z        3538 |     PyObject* none = _PyList_Extend((PyListObject*)L, v);
2025-11-20T16:55:57.118546982Z             |                      ^~~~~~~~~~~~~~
2025-11-20T16:55:57.118549752Z             |                      PyList_Extend
2025-11-20T16:55:57.118552622Z       pandas/_libs/algos.c:3538:22: warning: initialization of â€˜PyObject *â€™ {aka â€˜struct _object *â€™} from â€˜intâ€™ makes pointer from integer without a cast [-Wint-conversion]
2025-11-20T16:55:57.118555192Z       pandas/_libs/algos.c: In function â€˜__pyx_pymod_exec_algosâ€™:
2025-11-20T16:55:57.118557863Z       pandas/_libs/algos.c:3671:38: warning: implicit declaration of function â€˜_PyDict_SetItem_KnownHashâ€™; did you mean â€˜_PyDict_GetItem_KnownHashâ€™? [-Wimplicit-function-declaration]
2025-11-20T16:55:57.118560623Z        3671 |     (likely(PyDict_CheckExact(ns)) ? _PyDict_SetItem_KnownHash(ns, name, value, ((PyASCIIObject *) name)->hash) : PyObject_SetItem(ns, name, value))
2025-11-20T16:55:57.118563303Z             |                                      ^~~~~~~~~~~~~~~~~~~~~~~~~
2025-11-20T16:55:57.118566283Z       pandas/_libs/algos.c:164401:7: note: in expansion of macro â€˜__Pyx_SetNameInClassâ€™
2025-11-20T16:55:57.118569033Z       164401 |   if (__Pyx_SetNameInClass(__pyx_t_1, __pyx_n_s_lt, __pyx_t_3) < 0) __PYX_ERR(0, 84, __pyx_L1_error)
2025-11-20T16:55:57.118571873Z              |       ^~~~~~~~~~~~~~~~~~~~
2025-11-20T16:55:57.118574723Z       pandas/_libs/algos.c: In function â€˜__Pyx_PyInt_As_intâ€™:
2025-11-20T16:55:57.118577283Z       pandas/_libs/algos.c:176677:27: error: too few arguments to function â€˜_PyLong_AsByteArrayâ€™
2025-11-20T16:55:57.118579753Z       176677 |                 int ret = _PyLong_AsByteArray((PyLongObject *)v,
2025-11-20T16:55:57.118582174Z              |                           ^~~~~~~~~~~~~~~~~~~
2025-11-20T16:55:57.118584654Z       In file included from /opt/render/project/python/Python-3.13.4/include/python3.13/longobject.h:107,
2025-11-20T16:55:57.118587414Z                        from /opt/render/project/python/Python-3.13.4/include/python3.13/Python.h:81,
2025-11-20T16:55:57.118590174Z                        from pandas/_libs/algos.c:46:
2025-11-20T16:55:57.118592664Z       /opt/render/project/python/Python-3.13.4/include/python3.13/cpython/longobject.h:111:17: note: declared here
2025-11-20T16:55:57.118595164Z         111 | PyAPI_FUNC(int) _PyLong_AsByteArray(PyLongObject* v,
2025-11-20T16:55:57.118597824Z             |                 ^~~~~~~~~~~~~~~~~~~
2025-11-20T16:55:57.118600314Z       pandas/_libs/algos.c: In function â€˜__Pyx_PyInt_As_npy_int64â€™:
2025-11-20T16:55:57.118607225Z       pandas/_libs/algos.c:176949:27: error: too few arguments to function â€˜_PyLong_AsByteArrayâ€™
2025-11-20T16:55:57.118610045Z       176949 |                 int ret = _PyLong_AsByteArray((PyLongObject *)v,
2025-11-20T16:55:57.118612625Z              |                           ^~~~~~~~~~~~~~~~~~~
2025-11-20T16:55:57.118615225Z       /opt/render/project/python/Python-3.13.4/include/python3.13/cpython/longobject.h:111:17: note: declared here
2025-11-20T16:55:57.118617775Z         111 | PyAPI_FUNC(int) _PyLong_AsByteArray(PyLongObject* v,
2025-11-20T16:55:57.118620255Z             |                 ^~~~~~~~~~~~~~~~~~~
2025-11-20T16:55:57.118622766Z       pandas/_libs/algos.c: In function â€˜__Pyx_PyInt_As_npy_intpâ€™:
2025-11-20T16:55:57.118638266Z       pandas/_libs/algos.c:177145:27: error: too few arguments to function â€˜_PyLong_AsByteArrayâ€™
2025-11-20T16:55:57.118641146Z       177145 |                 int ret = _PyLong_AsByteArray((PyLongObject *)v,
2025-11-20T16:55:57.118643556Z              |                           ^~~~~~~~~~~~~~~~~~~
2025-11-20T16:55:57.118646396Z       /opt/render/project/python/Python-3.13.4/include/python3.13/cpython/longobject.h:111:17: note: declared here
2025-11-20T16:55:57.118671108Z         111 | PyAPI_FUNC(int) _PyLong_AsByteArray(PyLongObject* v,
2025-11-20T16:55:57.118674018Z             |                 ^~~~~~~~~~~~~~~~~~~
2025-11-20T16:55:57.118676558Z       pandas/_libs/algos.c: In function â€˜__Pyx_PyInt_As_npy_int8â€™:
2025-11-20T16:55:57.118679198Z       pandas/_libs/algos.c:177569:27: error: too few arguments to function â€˜_PyLong_AsByteArrayâ€™
2025-11-20T16:55:57.118681878Z       177569 |                 int ret = _PyLong_AsByteArray((PyLongObject *)v,
2025-11-20T16:55:57.118684528Z              |                           ^~~~~~~~~~~~~~~~~~~
2025-11-20T16:55:57.118687098Z       /opt/render/project/python/Python-3.13.4/include/python3.13/cpython/longobject.h:111:17: note: declared here
2025-11-20T16:55:57.118689749Z         111 | PyAPI_FUNC(int) _PyLong_AsByteArray(PyLongObject* v,
2025-11-20T16:55:57.118692378Z             |                 ^~~~~~~~~~~~~~~~~~~
2025-11-20T16:55:57.118695089Z       pandas/_libs/algos.c: In function â€˜__Pyx_PyInt_As_npy_int16â€™:
2025-11-20T16:55:57.118698009Z       pandas/_libs/algos.c:177765:27: error: too few arguments to function â€˜_PyLong_AsByteArrayâ€™
2025-11-20T16:55:57.118700509Z       177765 |                 int ret = _PyLong_AsByteArray((PyLongObject *)v,
2025-11-20T16:55:57.118703079Z              |                           ^~~~~~~~~~~~~~~~~~~
2025-11-20T16:55:57.118705689Z       /opt/render/project/python/Python-3.13.4/include/python3.13/cpython/longobject.h:111:17: note: declared here
2025-11-20T16:55:57.118708209Z         111 | PyAPI_FUNC(int) _PyLong_AsByteArray(PyLongObject* v,
2025-11-20T16:55:57.118710649Z             |                 ^~~~~~~~~~~~~~~~~~~
2025-11-20T16:55:57.118713059Z       pandas/_libs/algos.c: In function â€˜__Pyx_PyInt_As_npy_int32â€™:
2025-11-20T16:55:57.11871559Z       pandas/_libs/algos.c:177961:27: error: too few arguments to function â€˜_PyLong_AsByteArrayâ€™
2025-11-20T16:55:57.11871839Z       177961 |                 int ret = _PyLong_AsByteArray((PyLongObject *)v,
2025-11-20T16:55:57.11872123Z              |                           ^~~~~~~~~~~~~~~~~~~
2025-11-20T16:55:57.11872426Z       /opt/render/project/python/Python-3.13.4/include/python3.13/cpython/longobject.h:111:17: note: declared here
2025-11-20T16:55:57.11872679Z         111 | PyAPI_FUNC(int) _PyLong_AsByteArray(PyLongObject* v,
2025-11-20T16:55:57.11872976Z             |                 ^~~~~~~~~~~~~~~~~~~
2025-11-20T16:55:57.11873532Z       pandas/_libs/algos.c: In function â€˜__Pyx_PyInt_As_npy_uint8â€™:
2025-11-20T16:55:57.11873712Z       pandas/_libs/algos.c:178157:27: error: too few arguments to function â€˜_PyLong_AsByteArrayâ€™
2025-11-20T16:55:57.118738841Z       178157 |                 int ret = _PyLong_AsByteArray((PyLongObject *)v,
2025-11-20T16:55:57.118740521Z              |                           ^~~~~~~~~~~~~~~~~~~
2025-11-20T16:55:57.118742201Z       /opt/render/project/python/Python-3.13.4/include/python3.13/cpython/longobject.h:111:17: note: declared here
2025-11-20T16:55:57.118743881Z         111 | PyAPI_FUNC(int) _PyLong_AsByteArray(PyLongObject* v,
2025-11-20T16:55:57.118745531Z             |                 ^~~~~~~~~~~~~~~~~~~
2025-11-20T16:55:57.118747201Z       pandas/_libs/algos.c: In function â€˜__Pyx_PyInt_As_npy_uint16â€™:
2025-11-20T16:55:57.118748891Z       pandas/_libs/algos.c:178353:27: error: too few arguments to function â€˜_PyLong_AsByteArrayâ€™
2025-11-20T16:55:57.118750551Z       178353 |                 int ret = _PyLong_AsByteArray((PyLongObject *)v,
2025-11-20T16:55:57.118752211Z              |                           ^~~~~~~~~~~~~~~~~~~
2025-11-20T16:55:57.118753971Z       /opt/render/project/python/Python-3.13.4/include/python3.13/cpython/longobject.h:111:17: note: declared here
2025-11-20T16:55:57.118755621Z         111 | PyAPI_FUNC(int) _PyLong_AsByteArray(PyLongObject* v,
2025-11-20T16:55:57.118757281Z             |                 ^~~~~~~~~~~~~~~~~~~
2025-11-20T16:55:57.118758921Z       pandas/_libs/algos.c: In function â€˜__Pyx_PyInt_As_npy_uint32â€™:
2025-11-20T16:55:57.118760592Z       pandas/_libs/algos.c:178549:27: error: too few arguments to function â€˜_PyLong_AsByteArrayâ€™
2025-11-20T16:55:57.118762252Z       178549 |                 int ret = _PyLong_AsByteArray((PyLongObject *)v,
2025-11-20T16:55:57.118763902Z              |                           ^~~~~~~~~~~~~~~~~~~
2025-11-20T16:55:57.118765612Z       /opt/render/project/python/Python-3.13.4/include/python3.13/cpython/longobject.h:111:17: note: declared here
2025-11-20T16:55:57.118767282Z         111 | PyAPI_FUNC(int) _PyLong_AsByteArray(PyLongObject* v,
2025-11-20T16:55:57.118768932Z             |                 ^~~~~~~~~~~~~~~~~~~
2025-11-20T16:55:57.118770582Z       pandas/_libs/algos.c: In function â€˜__Pyx_PyInt_As_npy_uint64â€™:
2025-11-20T16:55:57.118772212Z       pandas/_libs/algos.c:178745:27: error: too few arguments to function â€˜_PyLong_AsByteArrayâ€™
2025-11-20T16:55:57.118773912Z       178745 |                 int ret = _PyLong_AsByteArray((PyLongObject *)v,
2025-11-20T16:55:57.118775582Z              |                           ^~~~~~~~~~~~~~~~~~~
2025-11-20T16:55:57.118777272Z       /opt/render/project/python/Python-3.13.4/include/python3.13/cpython/longobject.h:111:17: note: declared here
2025-11-20T16:55:57.118778902Z         111 | PyAPI_FUNC(int) _PyLong_AsByteArray(PyLongObject* v,
2025-11-20T16:55:57.118780533Z             |                 ^~~~~~~~~~~~~~~~~~~
2025-11-20T16:55:57.118782193Z       pandas/_libs/algos.c: In function â€˜__Pyx_PyInt_As_enum____pyx_t_6pandas_5_libs_5algos_TiebreakEnumTypeâ€™:
2025-11-20T16:55:57.118791323Z       pandas/_libs/algos.c:178941:27: error: too few arguments to function â€˜_PyLong_AsByteArrayâ€™
2025-11-20T16:55:57.118793183Z       178941 |                 int ret = _PyLong_AsByteArray((PyLongObject *)v,
2025-11-20T16:55:57.118794863Z              |                           ^~~~~~~~~~~~~~~~~~~
2025-11-20T16:55:57.118796513Z       /opt/render/project/python/Python-3.13.4/include/python3.13/cpython/longobject.h:111:17: note: declared here
2025-11-20T16:55:57.118798193Z         111 | PyAPI_FUNC(int) _PyLong_AsByteArray(PyLongObject* v,
2025-11-20T16:55:57.118799833Z             |                 ^~~~~~~~~~~~~~~~~~~
2025-11-20T16:55:57.118804184Z       pandas/_libs/algos.c: In function â€˜__Pyx_PyInt_As_longâ€™:
2025-11-20T16:55:57.118806694Z       pandas/_libs/algos.c:179170:27: error: too few arguments to function â€˜_PyLong_AsByteArrayâ€™
2025-11-20T16:55:57.118808364Z       179170 |                 int ret = _PyLong_AsByteArray((PyLongObject *)v,
2025-11-20T16:55:57.118810024Z              |                           ^~~~~~~~~~~~~~~~~~~
2025-11-20T16:55:57.118811674Z       /opt/render/project/python/Python-3.13.4/include/python3.13/cpython/longobject.h:111:17: note: declared here
2025-11-20T16:55:57.118813314Z         111 | PyAPI_FUNC(int) _PyLong_AsByteArray(PyLongObject* v,
2025-11-20T16:55:57.118814944Z             |                 ^~~~~~~~~~~~~~~~~~~
2025-11-20T16:55:57.118816584Z       pandas/_libs/algos.c: In function â€˜__Pyx_PyInt_As_charâ€™:
2025-11-20T16:55:57.118818264Z       pandas/_libs/algos.c:179366:27: error: too few arguments to function â€˜_PyLong_AsByteArrayâ€™
2025-11-20T16:55:57.118819954Z       179366 |                 int ret = _PyLong_AsByteArray((PyLongObject *)v,
2025-11-20T16:55:57.118822424Z              |                           ^~~~~~~~~~~~~~~~~~~
2025-11-20T16:55:57.118824255Z       /opt/render/project/python/Python-3.13.4/include/python3.13/cpython/longobject.h:111:17: note: declared here
2025-11-20T16:55:57.118825955Z         111 | PyAPI_FUNC(int) _PyLong_AsByteArray(PyLongObject* v,
2025-11-20T16:55:57.118827645Z             |                 ^~~~~~~~~~~~~~~~~~~
2025-11-20T16:55:57.118829275Z       error: command '/usr/bin/gcc' failed with exit code 1
2025-11-20T16:55:57.118830945Z       [end of output]
2025-11-20T16:55:57.118832675Z
2025-11-20T16:55:57.118834435Z   note: This error originates from a subprocess, and is likely not a problem with pip.
2025-11-20T16:55:57.118836205Z   ERROR: Failed building wheel for pandas
2025-11-20T16:55:57.654270677Z
2025-11-20T16:55:57.654297698Z [notice] A new release of pip is available: 25.1.1 -> 25.3
2025-11-20T16:55:57.654301209Z [notice] To update, run: pip install --upgrade pip
2025-11-20T16:55:57.654719668Z ERROR: Failed to build installable wheels for some pyproject.toml based projects (pandas)
2025-11-20T16:55:58.079474747Z ==> Build failed ðŸ˜ž
2025-11-20T16:55:58.079494208Z ==> Common ways to troubleshoot your deploy: https://render.com/docs/troubleshooting-deploys